<?xml version="1.0" encoding="UTF-8"?>
<!-- Generated by org.testng.reporters.JUnitXMLReporter -->
<testsuite ignored="0" hostname="DESKTOP-M0NP7I2" failures="2" tests="2" name="Default test" time="10.32" errors="0" timestamp="2025-01-05T00:15:44 IST">
  <testcase classname="io.cucumber.testng.AbstractTestNGCucumberTests" name="runScenario" time="6.691">
    <failure type="java.lang.NullPointerException" message="Cannot invoke &amp;quot;String.hashCode()&amp;quot; because &amp;quot;BaseClass.Basics.Env&amp;quot; is null">
      <![CDATA[java.lang.NullPointerException: Cannot invoke "String.hashCode()" because "BaseClass.Basics.Env" is null
at BaseClass.Basics.Env_select(Basics.java:40)
at BaseClass.Basics.application_launch(Basics.java:61)
at Step_Definations.screenshot.user_is_on_login_page1(screenshot.java:17)
at ✽.user is on login page1(file:///C:/Users/USER/eclipse-workspace/RTOS/Features/screenshotandreports.feature:7)
]]>
    </failure>
  </testcase> <!-- runScenario -->
  <testcase classname="io.cucumber.testng.AbstractTestNGCucumberTests" name="runScenario" time="2.54">
    <failure type="java.lang.NullPointerException" message="Cannot invoke &amp;quot;String.hashCode()&amp;quot; because &amp;quot;BaseClass.Basics.Env&amp;quot; is null">
      <![CDATA[java.lang.NullPointerException: Cannot invoke "String.hashCode()" because "BaseClass.Basics.Env" is null
at BaseClass.Basics.Env_select(Basics.java:40)
at BaseClass.Basics.application_launch(Basics.java:61)
at Step_Definations.screenshot.user_is_on_login_page1(screenshot.java:17)
at ✽.user is on login page1(file:///C:/Users/USER/eclipse-workspace/RTOS/Features/screenshotandreports.feature:7)
]]>
    </failure>
  </testcase> <!-- runScenario -->
</testsuite> <!-- Default test -->
