<?xml version="1.0" encoding="UTF-8"?>
<testng-results ignored="0" total="2" passed="0" failed="2" skipped="0">
  <reporter-output>
  </reporter-output>
  <suite started-at="2025-01-05T00:15:34 IST" name="Default suite" finished-at="2025-01-05T00:15:44 IST" duration-ms="10320">
    <groups>
      <group name="cucumber">
        <method signature="AbstractTestNGCucumberTests.runScenario(io.cucumber.testng.PickleWrapper,io.cucumber.testng.FeatureWrapper)[pri:0, instance:Runner.RunnerFile@77f1baf5]" name="runScenario" class="io.cucumber.testng.AbstractTestNGCucumberTests"/>
      </group> <!-- cucumber -->
    </groups>
    <test started-at="2025-01-05T00:15:34 IST" name="Default test" finished-at="2025-01-05T00:15:44 IST" duration-ms="10320">
      <class name="Runner.RunnerFile">
        <test-method is-config="true" signature="setUpClass(org.testng.ITestContext)[pri:0, instance:Runner.RunnerFile@77f1baf5]" started-at="2025-01-05T00:15:34 IST" name="setUpClass" finished-at="2025-01-05T00:15:35 IST" duration-ms="813" status="PASS">
          <params>
            <param index="0">
              <value>
                <![CDATA[org.testng.TestRunner@2b10ace9]]>
              </value>
            </param>
          </params>
          <reporter-output>
          </reporter-output>
        </test-method> <!-- setUpClass -->
        <test-method signature="runScenario(io.cucumber.testng.PickleWrapper,io.cucumber.testng.FeatureWrapper)[pri:0, instance:Runner.RunnerFile@77f1baf5]" started-at="2025-01-05T00:15:35 IST" name="runScenario" description="Runs Cucumber Scenarios" data-provider="scenarios" finished-at="2025-01-05T00:15:41 IST" duration-ms="6691" status="FAIL">
          <params>
            <param index="0">
              <value>
                <![CDATA["To Validate that user is able to login with multiple login details testng"]]>
              </value>
            </param>
            <param index="1">
              <value>
                <![CDATA["Validate screenshot feature"]]>
              </value>
            </param>
          </params>
          <exception class="java.lang.NullPointerException">
            <message>
              <![CDATA[Cannot invoke "String.hashCode()" because "BaseClass.Basics.Env" is null]]>
            </message>
            <full-stacktrace>
              <![CDATA[java.lang.NullPointerException: Cannot invoke "String.hashCode()" because "BaseClass.Basics.Env" is null
at BaseClass.Basics.Env_select(Basics.java:40)
at BaseClass.Basics.application_launch(Basics.java:61)
at Step_Definations.screenshot.user_is_on_login_page1(screenshot.java:17)
at ✽.user is on login page1(file:///C:/Users/USER/eclipse-workspace/RTOS/Features/screenshotandreports.feature:7)
]]>
            </full-stacktrace>
          </exception> <!-- java.lang.NullPointerException -->
          <reporter-output>
          </reporter-output>
        </test-method> <!-- runScenario -->
        <test-method signature="runScenario(io.cucumber.testng.PickleWrapper,io.cucumber.testng.FeatureWrapper)[pri:0, instance:Runner.RunnerFile@77f1baf5]" started-at="2025-01-05T00:15:42 IST" name="runScenario" description="Runs Cucumber Scenarios" data-provider="scenarios" finished-at="2025-01-05T00:15:44 IST" duration-ms="2540" status="FAIL">
          <params>
            <param index="0">
              <value>
                <![CDATA["To Validate that user is able to login with multiple login details testng"]]>
              </value>
            </param>
            <param index="1">
              <value>
                <![CDATA["Validate screenshot feature"]]>
              </value>
            </param>
          </params>
          <exception class="java.lang.NullPointerException">
            <message>
              <![CDATA[Cannot invoke "String.hashCode()" because "BaseClass.Basics.Env" is null]]>
            </message>
            <full-stacktrace>
              <![CDATA[java.lang.NullPointerException: Cannot invoke "String.hashCode()" because "BaseClass.Basics.Env" is null
at BaseClass.Basics.Env_select(Basics.java:40)
at BaseClass.Basics.application_launch(Basics.java:61)
at Step_Definations.screenshot.user_is_on_login_page1(screenshot.java:17)
at ✽.user is on login page1(file:///C:/Users/USER/eclipse-workspace/RTOS/Features/screenshotandreports.feature:7)
]]>
            </full-stacktrace>
          </exception> <!-- java.lang.NullPointerException -->
          <reporter-output>
          </reporter-output>
        </test-method> <!-- runScenario -->
        <test-method is-config="true" signature="tearDownClass()[pri:0, instance:Runner.RunnerFile@77f1baf5]" started-at="2025-01-05T00:15:44 IST" name="tearDownClass" finished-at="2025-01-05T00:15:44 IST" duration-ms="139" status="PASS">
          <reporter-output>
          </reporter-output>
        </test-method> <!-- tearDownClass -->
      </class> <!-- Runner.RunnerFile -->
    </test> <!-- Default test -->
  </suite> <!-- Default suite -->
</testng-results>
